<?xml version='1.0' encoding='UTF-8'?>
<testsuite hostname="MacBook-Pro-de-Ulises-3.local" name="examen.examenTest" tests="5" errors="0" failures="0" skipped="0" time="3.014" timestamp="2025-04-23T22:10:02">
          <properties>
[...]
</properties>
          <testcase classname="examen.examenTest" name="Ejercicio 1 should Selecciona los nombres de los estudiantes y ordénalos por calificación de forma descendente" time="1.654">
                      
                    </testcase><testcase classname="examen.examenTest" name="Ejercicio 2 should Devuelve los datos paritarios" time="0.087">
                      
                    </testcase><testcase classname="examen.examenTest" name="Ejercicio 3 should calcula el promedio de calificaciones por estudiante" time="0.54">
                      
                    </testcase><testcase classname="examen.examenTest" name="Ejercicio 4 should cuenta la cantidad de ocurrencias de cada palabra" time="0.244">
                      
                    </testcase><testcase classname="examen.examenTest" name="Ejercicio 5 should calcula el ingreso total" time="0.489">
                      
                    </testcase>
          <system-out><![CDATA[]]></system-out>
          <system-err><![CDATA[]]></system-err>
        </testsuite>